<?xml version="1.0" encoding="UTF-8"?>
<testExecutions version="1">
  <file path="/Users/larsboesch/Desktop/FS22/SoPra/roomeight-backend/functions/src/test/FlatValidator.test.ts">
    <testCase name="Validate PostFlat test valid input for all fields" duration="0"/>
    <testCase name="Validate PostFlat test valid input for mandatory fields" duration="0"/>
    <testCase name="Validate PostFlat test invalid input fields" duration="0"/>
    <testCase name="Validate PostFlat test invalid input with missing fields" duration="0"/>
    <testCase name="Validate PostFlat test invalid input with unexpected fields" duration="0"/>
    <testCase name="Validate PostFlat test invalid date range" duration="0"/>
    <testCase name="Validate PostFlat test json with null value" duration="0"/>
    <testCase name="Validate PatchUser test valid input for all fields" duration="6"/>
    <testCase name="Validate PatchUser test invalid input fields" duration="0"/>
    <testCase name="Validate PatchUser test invalid input with unexpected fields" duration="0"/>
  </file>
</testExecutions>