<?xml version="1.0" encoding="UTF-8"?>
<testExecutions version="1">
  <file path="C:\Users\bara1\Documents\Uni Code Repos\SoPra_2022\roomeight-backend\functions\src\test\UserValidator.test.ts">
    <testCase name="Validate PostUser test valid input for all fields" duration="266"/>
    <testCase name="Validate PostUser test valid input for mandatory fields" duration="3"/>
    <testCase name="Validate PostUser test invalid input fields" duration="17"/>
    <testCase name="Validate PostUser test invalid input with missing fields" duration="3"/>
    <testCase name="Validate PostUser test invalid input with unexpected fields" duration="1"/>
    <testCase name="Validate PostUser test invalid date range" duration="4"/>
    <testCase name="Validate PostUser test json with null value" duration="2"/>
    <testCase name="Validate PatchUser 1 Test valid input for all fields" duration="2"/>
    <testCase name="Validate PatchUser 2 Test invalid input fields" duration="1"/>
    <testCase name="Validate PatchUser 3 Test invalid input with unexpected fields" duration="2"/>
  </file>
  <file path="C:\Users\bara1\Documents\Uni Code Repos\SoPra_2022\roomeight-backend\functions\src\test\UserProfile.test.ts">
    <testCase name="ValidatorReport test 1 Test new report should not contain errors" duration="16"/>
  </file>
  <file path="C:\Users\bara1\Documents\Uni Code Repos\SoPra_2022\roomeight-backend\functions\src\test\ValidationReport.test.ts">
    <testCase name="ValidatorReport test 1 Test new report should not contain errors" duration="6"/>
    <testCase name="ValidatorReport test 2 Test report should match the errormessage" duration="9"/>
  </file>
  <file path="C:\Users\bara1\Documents\Uni Code Repos\SoPra_2022\roomeight-backend\functions\src\test\UserProfileConverter.test.ts">
    <testCase name="ValidatorReport test report should match the errormessage" duration="5"/>
  </file>
  <file path="C:\Users\bara1\Documents\Uni Code Repos\SoPra_2022\roomeight-backend\functions\src\test\FlatProfile.test.ts">
    <testCase name="Flat profile test 1 Test getJson of profile" duration="5"/>
  </file>
  <file path="C:\Users\bara1\Documents\Uni Code Repos\SoPra_2022\roomeight-backend\functions\src\test\FlatProfileConverter.test.ts">
    <testCase name="ValidatorReport test 1 Test report should match the errormessage" duration="6"/>
  </file>
  <file path="C:\Users\bara1\Documents\Uni Code Repos\SoPra_2022\roomeight-backend\functions\src\test\FlatValidator.test.ts">
    <testCase name="Validate PostFlat test valid input for all fields" duration="29"/>
    <testCase name="Validate PostFlat test valid input for mandatory fields" duration="5"/>
    <testCase name="Validate PostFlat test invalid input fields" duration="4"/>
    <testCase name="Validate PostFlat test invalid input with missing fields" duration="6"/>
    <testCase name="Validate PostFlat test invalid input with unexpected fields" duration="10"/>
    <testCase name="Validate PostFlat test invalid date range" duration="2"/>
    <testCase name="Validate PostFlat test json with null value" duration="4"/>
    <testCase name="Validate PatchUser 1 Test valid input for all fields" duration="1"/>
    <testCase name="Validate PatchUser 2 Test invalid input fields" duration="0"/>
    <testCase name="Validate PatchUser 3 Test invalid input with unexpected fields" duration="1"/>
  </file>
  <file path="C:\Users\bara1\Documents\Uni Code Repos\SoPra_2022\roomeight-backend\functions\src\test\ReferenceHandling.test.ts">
    <testCase name="ReferenceController Test 1 Test Resolving of Reference List containing single element" duration="151"/>
    <testCase name="ReferenceController Test 2 Test Resolving of Reference List containing single element -&gt; element not found" duration="3"/>
    <testCase name="ReferenceController Test 3 Test Clean Up outdated References" duration="2"/>
    <testCase name="ReferenceController Test 4 Test Clean Up outdated References -&gt; Update not possible" duration="0"/>
    <testCase name="ReferenceController Test 5 Test Resolving of Single Reference" duration="3"/>
    <testCase name="ReferenceController Test 6 Test Resolving of single Reference -&gt; element not found" duration="2"/>
  </file>
  <file path="C:\Users\bara1\Documents\Uni Code Repos\SoPra_2022\roomeight-backend\functions\src\test\UserDataservice.test.ts">
    <testCase name="UserProfileDataService Test 1 Test Valid Add UserProfile Request" duration="116"/>
    <testCase name="UserProfileDataService Test 2 Test Validator Error Add UserProfile Request" duration="5"/>
    <testCase name="UserProfileDataService Test 3 Test UserAlreadyExists Error Add UserProfile Request" duration="3"/>
    <testCase name="UserProfileDataService Test 4 Test Cannot access Repo Add UserProfile Request" duration="73"/>
    <testCase name="UserProfileDataService Test 5 Test Valid Patch  UserProfile Request" duration="14"/>
    <testCase name="UserProfileDataService Test 6 Test Validator Error Patch UserProfile Request" duration="4"/>
    <testCase name="UserProfileDataService Test 7 Test Cannot access Repo Patch UserProfile Request" duration="10"/>
    <testCase name="UserProfileDataService Test 8 Test Valid Delete UserProfile Request" duration="7"/>
    <testCase name="UserProfileDataService Test 9 Test Cannot access Auth Delete UserProfile Request" duration="3"/>
    <testCase name="UserProfileDataService Test 10 Test Cannot access Repo Delete UserProfile Request" duration="2"/>
    <testCase name="UserProfileDataService Test 11 Test Valid GetById Request" duration="4"/>
    <testCase name="UserProfileDataService Test 12 Test Invalid GetById Request" duration="2"/>
    <testCase name="UserProfileDataService Test 13 Test valid LikeUser Request" duration="9"/>
    <testCase name="UserProfileDataService Test 14 Test valid LikeFlat Request" duration="5"/>
  </file>
  <file path="C:\Users\bara1\Documents\Uni Code Repos\SoPra_2022\roomeight-backend\functions\src\test\FlatDataservice.test.ts">
    <testCase name="FlatProfileDataService Post Profile Test 1 Test Valid Add FlatProfile Request" duration="172"/>
    <testCase name="FlatProfileDataService Post Profile Test 2 Test Invalid Input Add FlatProfile Request" duration="18"/>
    <testCase name="FlatProfileDataService Post Profile Test 3 Test Invalid Add FlatProfile Request - Already in flat" duration="8"/>
    <testCase name="FlatProfileDataService Delete Profile Test 4 Test Valid Delete Flat Request" duration="17">
      <failure message="Error: expect(received).toEqual(expected) // deep equality"><![CDATA[Error: expect(received).toEqual(expected) // deep equality

Expected: "\"Successfully deleted user flt$1234\""
Received: "\"Successfully deleted flat flt$1234\""
    at C:\Users\bara1\Documents\Uni Code Repos\SoPra_2022\roomeight-backend\functions\src\test\FlatDataservice.test.ts:217:50
    at processTicksAndRejections (internal/process/task_queues.js:93:5)]]></failure>
    </testCase>
    <testCase name="FlatProfileDataService Delete Profile Test 5 Test Invalid Delete Flat Request - Flat not found" duration="8"/>
    <testCase name="FlatProfileDataService Delete Profile Test 6 Test Invalid Delete Flat Request - User not part of flat" duration="8"/>
    <testCase name="FlatProfileDataService Get Profile Test 7 Test Valid GetById Request" duration="9"/>
    <testCase name="FlatProfileDataService Get Profile Test 8 Test Valid GetProfilesFromRepo Request" duration="16"/>
    <testCase name="FlatProfileDataService Get Profile Test 9 Test Invalid GetById Request - Flat not found" duration="2"/>
    <testCase name="FlatProfileDataService Patch Profile Test 10 Test Valid Patch Request" duration="10"/>
    <testCase name="FlatProfileDataService Patch Profile Test 11 Test Invalid Patch Request - Validation Errors" duration="6"/>
    <testCase name="FlatProfileDataService Patch Profile Test 12 Test Invalid Update Flat Request - Flat not found" duration="19"/>
    <testCase name="FlatProfileDataService Patch Profile Test 13 Test Invalid Update Flat Request - User not in flat" duration="5"/>
    <testCase name="FlatProfileDataService FlatMate Operations Test 13 Test Invalid Update Flat Request - User not in flat" duration="3"/>
  </file>
</testExecutions>