<?xml version="1.0" encoding="UTF-8"?>
<testExecutions version="1">
  <file path="/Users/larsboesch/Desktop/FS22/SoPra/roomeight-backend/functions/src/test/Validator.test.ts">
    <testCase name="Validate PostUser test valid input for all fields" duration="6">
      <failure message="Error: expect(received).toBe(expected) // Object.is equality"><![CDATA[Error: expect(received).toBe(expected) // Object.is equality

Expected: false
Received: true
    at Object.<anonymous> (/Users/larsboesch/Desktop/FS22/SoPra/roomeight-backend/functions/src/test/Validator.test.ts:100:41)
    at Promise.then.completed (/Users/larsboesch/Desktop/FS22/SoPra/roomeight-backend/functions/node_modules/jest-circus/build/utils.js:391:28)
    at new Promise (<anonymous>)
    at callAsyncCircusFn (/Users/larsboesch/Desktop/FS22/SoPra/roomeight-backend/functions/node_modules/jest-circus/build/utils.js:316:10)
    at _callCircusTest (/Users/larsboesch/Desktop/FS22/SoPra/roomeight-backend/functions/node_modules/jest-circus/build/run.js:218:40)
    at processTicksAndRejections (internal/process/task_queues.js:95:5)
    at _runTest (/Users/larsboesch/Desktop/FS22/SoPra/roomeight-backend/functions/node_modules/jest-circus/build/run.js:155:3)
    at _runTestsForDescribeBlock (/Users/larsboesch/Desktop/FS22/SoPra/roomeight-backend/functions/node_modules/jest-circus/build/run.js:66:9)
    at _runTestsForDescribeBlock (/Users/larsboesch/Desktop/FS22/SoPra/roomeight-backend/functions/node_modules/jest-circus/build/run.js:60:9)
    at run (/Users/larsboesch/Desktop/FS22/SoPra/roomeight-backend/functions/node_modules/jest-circus/build/run.js:25:3)]]></failure>
    </testCase>
    <testCase name="Validate PostUser test valid input for mandatory fields" duration="1"/>
    <testCase name="Validate PostUser test invalid input fields" duration="0"/>
    <testCase name="Validate PostUser test invalid input with missing fields" duration="1"/>
    <testCase name="Validate PostUser test invalid input with unexpected fields" duration="0"/>
    <testCase name="Validate PostUser test invalid date range" duration="4">
      <failure message="Error: expect(received).toEqual(expected) // deep equality"><![CDATA[Error: expect(received).toEqual(expected) // deep equality

- Expected  - 0
+ Received  + 2

  Errors:
+ invalid isSearchingRoom, has to be true or false (boolean),
+ invalid isAdvertisingRoom, has to be true or false (boolean),
  moveInDate must be before moveOutDate
  Mandatory fields are: firstName,lastName,birthday,email,phoneNumber,password
  Optional fields are: description,biography,tags,pictureReference,gender,isSearchingRoom,isAdvertisingRoom,moveInDate,moveOutDate
    at Object.<anonymous> (/Users/larsboesch/Desktop/FS22/SoPra/roomeight-backend/functions/src/test/Validator.test.ts:137:28)
    at Promise.then.completed (/Users/larsboesch/Desktop/FS22/SoPra/roomeight-backend/functions/node_modules/jest-circus/build/utils.js:391:28)
    at new Promise (<anonymous>)
    at callAsyncCircusFn (/Users/larsboesch/Desktop/FS22/SoPra/roomeight-backend/functions/node_modules/jest-circus/build/utils.js:316:10)
    at _callCircusTest (/Users/larsboesch/Desktop/FS22/SoPra/roomeight-backend/functions/node_modules/jest-circus/build/run.js:218:40)
    at processTicksAndRejections (internal/process/task_queues.js:95:5)
    at _runTest (/Users/larsboesch/Desktop/FS22/SoPra/roomeight-backend/functions/node_modules/jest-circus/build/run.js:155:3)
    at _runTestsForDescribeBlock (/Users/larsboesch/Desktop/FS22/SoPra/roomeight-backend/functions/node_modules/jest-circus/build/run.js:66:9)
    at _runTestsForDescribeBlock (/Users/larsboesch/Desktop/FS22/SoPra/roomeight-backend/functions/node_modules/jest-circus/build/run.js:60:9)
    at run (/Users/larsboesch/Desktop/FS22/SoPra/roomeight-backend/functions/node_modules/jest-circus/build/run.js:25:3)]]></failure>
    </testCase>
    <testCase name="Validate PostUser test json with null value" duration="1"/>
    <testCase name="Validate PatchUser test valid input for all fields" duration="0"/>
    <testCase name="Validate PatchUser test invalid input fields" duration="0"/>
    <testCase name="Validate PatchUser test invalid input with unexpected fields" duration="0"/>
  </file>
</testExecutions>