<?xml version="1.0" encoding="UTF-8"?>
<testExecutions version="1">
  <file path="C:\Users\bara1\Documents\Uni Code Repos\SoPra_2022\roomeight-backend\functions\src\test\ValidationReport.test.ts">
    <testCase name="ValidatorReport test new report should not contain errors" duration="7"/>
    <testCase name="ValidatorReport test report should match the errormessage" duration="6"/>
  </file>
  <file path="C:\Users\bara1\Documents\Uni Code Repos\SoPra_2022\roomeight-backend\functions\src\test\UserProfileConverter.test.ts">
    <testCase name="ValidatorReport test report should match the errormessage" duration="5"/>
  </file>
  <file path="C:\Users\bara1\Documents\Uni Code Repos\SoPra_2022\roomeight-backend\functions\src\test\FlatProfileConverter.test.ts">
    <testCase name="ValidatorReport test report should match the errormessage" duration="30"/>
  </file>
  <file path="C:\Users\bara1\Documents\Uni Code Repos\SoPra_2022\roomeight-backend\functions\src\test\FlatProfile.test.ts">
    <testCase name="ValidatorReport test new report should not contain errors" duration="16"/>
  </file>
  <file path="C:\Users\bara1\Documents\Uni Code Repos\SoPra_2022\roomeight-backend\functions\src\test\UserProfile.test.ts">
    <testCase name="ValidatorReport test new report should not contain errors" duration="6"/>
  </file>
  <file path="C:\Users\bara1\Documents\Uni Code Repos\SoPra_2022\roomeight-backend\functions\src\test\UserValidator.test.ts">
    <testCase name="Validate PostUser test valid input for all fields" duration="8"/>
    <testCase name="Validate PostUser test valid input for mandatory fields" duration="2"/>
    <testCase name="Validate PostUser test invalid input fields" duration="1"/>
    <testCase name="Validate PostUser test invalid input with missing fields" duration="4"/>
    <testCase name="Validate PostUser test invalid input with unexpected fields" duration="8"/>
    <testCase name="Validate PostUser test invalid date range" duration="2"/>
    <testCase name="Validate PostUser test json with null value" duration="1"/>
    <testCase name="Validate PatchUser test valid input for all fields" duration="1"/>
    <testCase name="Validate PatchUser test invalid input fields" duration="0"/>
    <testCase name="Validate PatchUser test invalid input with unexpected fields" duration="1"/>
  </file>
  <file path="C:\Users\bara1\Documents\Uni Code Repos\SoPra_2022\roomeight-backend\functions\src\test\FlatValidator.test.ts">
    <testCase name="Validate PostFlat test valid input for all fields" duration="44"/>
    <testCase name="Validate PostFlat test valid input for mandatory fields" duration="2"/>
    <testCase name="Validate PostFlat test invalid input fields" duration="2"/>
    <testCase name="Validate PostFlat test invalid input with missing fields" duration="2"/>
    <testCase name="Validate PostFlat test invalid input with unexpected fields" duration="2"/>
    <testCase name="Validate PostFlat test invalid date range" duration="3"/>
    <testCase name="Validate PostFlat test json with null value" duration="8"/>
    <testCase name="Validate PatchUser test valid input for all fields" duration="1"/>
    <testCase name="Validate PatchUser test invalid input fields" duration="1"/>
    <testCase name="Validate PatchUser test invalid input with unexpected fields" duration="1"/>
  </file>
  <file path="C:\Users\bara1\Documents\Uni Code Repos\SoPra_2022\roomeight-backend\functions\src\test\FlatDataservice.test.ts">
    <testCase name="FlatProfileDataService Test 1 Test Valid GetById Request" duration="74"/>
  </file>
  <file path="C:\Users\bara1\Documents\Uni Code Repos\SoPra_2022\roomeight-backend\functions\src\test\ReferenceHandling.test.ts">
    <testCase name="ReferenceController Test 1 Test Resolving of Reference List containing single element" duration="117"/>
    <testCase name="ReferenceController Test 2 Test Resolving of Reference List containing single element -&gt; element not found" duration="4"/>
    <testCase name="ReferenceController Test 3 Test Clean Up outdated References" duration="2"/>
    <testCase name="ReferenceController Test 4 Test Clean Up outdated References -&gt; Update not possible" duration="1"/>
    <testCase name="ReferenceController Test 5 Test Resolving of Single Reference" duration="3"/>
    <testCase name="ReferenceController Test 6 Test Resolving of single Reference -&gt; element not found" duration="2"/>
  </file>
  <file path="C:\Users\bara1\Documents\Uni Code Repos\SoPra_2022\roomeight-backend\functions\src\test\UserDataservice.test.ts">
    <testCase name="UserProfileDataService Test 1 Test Valid Add UserProfile Request" duration="54"/>
    <testCase name="UserProfileDataService Test 2 Test Validator Error Add UserProfile Request" duration="2"/>
    <testCase name="UserProfileDataService Test 3 Test UserAlreadyExists Error Add UserProfile Request" duration="2"/>
    <testCase name="UserProfileDataService Test 4 Test Cannot access Repo Add UserProfile Request" duration="55"/>
    <testCase name="UserProfileDataService Test 5 Test Valid Patch  UserProfile Request" duration="7"/>
    <testCase name="UserProfileDataService Test 6 Test Validator Error Patch UserProfile Request" duration="1"/>
    <testCase name="UserProfileDataService Test 7 Test Cannot access Repo Patch UserProfile Request" duration="2"/>
    <testCase name="UserProfileDataService Test 8 Test Valid Delete UserProfile Request" duration="2"/>
    <testCase name="UserProfileDataService Test 9 Test Cannot access Auth Delete UserProfile Request" duration="1"/>
    <testCase name="UserProfileDataService Test 10 Test Cannot access Repo Delete UserProfile Request" duration="1"/>
    <testCase name="UserProfileDataService Test 11 Test Valid GetById Request" duration="19"/>
    <testCase name="UserProfileDataService Test 12 Test Invalid GetById Request" duration="3"/>
    <testCase name="UserProfileDataService Test 13 Test valid LikeUser Request" duration="9"/>
    <testCase name="UserProfileDataService Test 14 Test valid LikeFlat Request" duration="5"/>
  </file>
</testExecutions>