<?xml version="1.0" encoding="UTF-8"?>
<testExecutions version="1">
  <file path="/Users/larsboesch/Desktop/FS22/SoPra/roomeight-backend/functions/src/test/FlatDataservice.test.ts">
    <testCase name="FlatProfileDataService Test 1 Test Valid GetById Request" duration="29"/>
  </file>
</testExecutions>