<?xml version="1.0" encoding="UTF-8"?>
<testExecutions version="1">
  <file path="/Users/larsboesch/Desktop/FS22/SoPra/roomeight-backend/functions/src/test/ValidationReport.test.ts">
    <testCase name="ValidatorReport test new report should not contain errors" duration="2"/>
    <testCase name="ValidatorReport test report should match the errormessage" duration="1"/>
  </file>
</testExecutions>