<?xml version="1.0" encoding="UTF-8"?>
<testExecutions version="1">
  <file path="/Users/larsboesch/Desktop/FS22/SoPra/roomeight-backend/functions/src/test/UserDataservice.test.ts">
    <testCase name="UserProfileDataService Test 1 Test Valid Add UserProfile Request" duration="54"/>
    <testCase name="UserProfileDataService Test 2 Test Validator Error Add UserProfile Request" duration="3"/>
    <testCase name="UserProfileDataService Test 3 Test UserAlreadyExists Error Add UserProfile Request" duration="1"/>
    <testCase name="UserProfileDataService Test 4 Test Cannot access Repo Add UserProfile Request" duration="26"/>
    <testCase name="UserProfileDataService Test 5 Test Valid Patch  UserProfile Request" duration="3"/>
    <testCase name="UserProfileDataService Test 6 Test Validator Error Patch UserProfile Request" duration="2"/>
    <testCase name="UserProfileDataService Test 7 Test Cannot access Repo Patch UserProfile Request" duration="1"/>
    <testCase name="UserProfileDataService Test 8 Test Valid Delete UserProfile Request" duration="1"/>
    <testCase name="UserProfileDataService Test 9 Test Cannot access Auth Delete UserProfile Request" duration="1"/>
    <testCase name="UserProfileDataService Test 11 Test Valid GetById Request" duration="7"/>
    <testCase name="UserProfileDataService Test 12 Test Invalid GetById Request" duration="1"/>
    <testCase name="UserProfileDataService Test 13 Test valid LikeUser Request" duration="6"/>
    <testCase name="UserProfileDataService Test 14 Test valid LikeFlat Request" duration="3"/>
  </file>
</testExecutions>