<?xml version="1.0" encoding="UTF-8"?>
<testExecutions version="1">
  <file path="C:\Users\bara1\Documents\Uni Code Repos\SoPra_2022\roomeight-backend\functions\src\test\FlatProfile.test.ts">
    <testCase name="ValidatorReport test new report should not contain errors" duration="56"/>
  </file>
  <file path="C:\Users\bara1\Documents\Uni Code Repos\SoPra_2022\roomeight-backend\functions\src\test\UserValidator.test.ts">
    <testCase name="Validate PostUser test valid input for all fields" duration="568"/>
    <testCase name="Validate PostUser test valid input for mandatory fields" duration="3"/>
    <testCase name="Validate PostUser test invalid input fields" duration="2"/>
    <testCase name="Validate PostUser test invalid input with missing fields" duration="2"/>
    <testCase name="Validate PostUser test invalid input with unexpected fields" duration="2"/>
    <testCase name="Validate PostUser test invalid date range" duration="3"/>
    <testCase name="Validate PostUser test json with null value" duration="1"/>
    <testCase name="Validate PatchUser test valid input for all fields" duration="6"/>
    <testCase name="Validate PatchUser test invalid input fields" duration="19"/>
    <testCase name="Validate PatchUser test invalid input with unexpected fields" duration="15"/>
  </file>
  <file path="C:\Users\bara1\Documents\Uni Code Repos\SoPra_2022\roomeight-backend\functions\src\test\UserProfileConverter.test.ts">
    <testCase name="ValidatorReport test report should match the errormessage" duration="42"/>
  </file>
  <file path="C:\Users\bara1\Documents\Uni Code Repos\SoPra_2022\roomeight-backend\functions\src\test\ValidationReport.test.ts">
    <testCase name="ValidatorReport test new report should not contain errors" duration="36"/>
    <testCase name="ValidatorReport test report should match the errormessage" duration="10"/>
  </file>
  <file path="C:\Users\bara1\Documents\Uni Code Repos\SoPra_2022\roomeight-backend\functions\src\test\FlatProfileConverter.test.ts">
    <testCase name="ValidatorReport test report should match the errormessage" duration="16"/>
  </file>
  <file path="C:\Users\bara1\Documents\Uni Code Repos\SoPra_2022\roomeight-backend\functions\src\test\UserProfile.test.ts">
    <testCase name="ValidatorReport test new report should not contain errors" duration="35"/>
  </file>
  <file path="C:\Users\bara1\Documents\Uni Code Repos\SoPra_2022\roomeight-backend\functions\src\test\FlatValidator.test.ts">
    <testCase name="Validate PostFlat test valid input for all fields" duration="56"/>
    <testCase name="Validate PostFlat test valid input for mandatory fields" duration="6"/>
    <testCase name="Validate PostFlat test invalid input fields" duration="8"/>
    <testCase name="Validate PostFlat test invalid input with missing fields" duration="16"/>
    <testCase name="Validate PostFlat test invalid input with unexpected fields" duration="15"/>
    <testCase name="Validate PostFlat test invalid date range" duration="11"/>
    <testCase name="Validate PostFlat test json with null value" duration="6"/>
    <testCase name="Validate PatchUser test valid input for all fields" duration="2"/>
    <testCase name="Validate PatchUser test invalid input fields" duration="5"/>
    <testCase name="Validate PatchUser test invalid input with unexpected fields" duration="3"/>
  </file>
  <file path="C:\Users\bara1\Documents\Uni Code Repos\SoPra_2022\roomeight-backend\functions\src\test\ReferenceHandling.test.ts">
    <testCase name="ReferenceController Test 1 Test Resolving of Reference List containing single element" duration="266"/>
    <testCase name="ReferenceController Test 2 Test Resolving of Reference List containing single element -&gt; element not found" duration="22"/>
    <testCase name="ReferenceController Test 3 Test Clean Up outdated References" duration="7"/>
    <testCase name="ReferenceController Test 4 Test Clean Up outdated References -&gt; Update not possible" duration="6"/>
    <testCase name="ReferenceController Test 5 Test Resolving of Single Reference" duration="13"/>
    <testCase name="ReferenceController Test 6 Test Resolving of single Reference -&gt; element not found" duration="18"/>
  </file>
  <file path="C:\Users\bara1\Documents\Uni Code Repos\SoPra_2022\roomeight-backend\functions\src\test\FlatDataservice.test.ts">
    <testCase name="FlatProfileDataService Test 1 Test Valid GetById Request" duration="234"/>
  </file>
  <file path="C:\Users\bara1\Documents\Uni Code Repos\SoPra_2022\roomeight-backend\functions\src\test\UserDataservice.test.ts">
    <testCase name="UserProfileDataService Test 1 Test Valid Add UserProfile Request" duration="182"/>
    <testCase name="UserProfileDataService Test 2 Test Validator Error Add UserProfile Request" duration="12"/>
    <testCase name="UserProfileDataService Test 3 Test UserAlreadyExists Error Add UserProfile Request" duration="8"/>
    <testCase name="UserProfileDataService Test 4 Test Cannot access Repo Add UserProfile Request" duration="132"/>
    <testCase name="UserProfileDataService Test 5 Test Valid Patch  UserProfile Request" duration="22"/>
    <testCase name="UserProfileDataService Test 6 Test Validator Error Patch UserProfile Request" duration="3"/>
    <testCase name="UserProfileDataService Test 7 Test Cannot access Repo Patch UserProfile Request" duration="13"/>
    <testCase name="UserProfileDataService Test 8 Test Valid Delete UserProfile Request" duration="8"/>
    <testCase name="UserProfileDataService Test 9 Test Cannot access Auth Delete UserProfile Request" duration="5"/>
    <testCase name="UserProfileDataService Test 11 Test Valid GetById Request" duration="35"/>
    <testCase name="UserProfileDataService Test 12 Test Invalid GetById Request" duration="3"/>
    <testCase name="UserProfileDataService Test 13 Test valid LikeUser Request" duration="27"/>
    <testCase name="UserProfileDataService Test 14 Test valid LikeFlat Request" duration="29"/>
  </file>
</testExecutions>