<?xml version="1.0" encoding="UTF-8"?>
<testExecutions version="1">
  <file path="C:\Users\bara1\Documents\Uni Code Repos\SoPra_2022\roomeight-backend\functions\src\test\UserDataservice.test.ts">
    <testCase name="UserProfileDataService Post Profile Test 1 Test Valid Add UserProfile Request" duration="0"/>
    <testCase name="UserProfileDataService Post Profile Test 2 Test Validator Error Add UserProfile Request" duration="0"/>
    <testCase name="UserProfileDataService Post Profile Test 3 Test UserAlreadyExists Error Add UserProfile Request" duration="0"/>
    <testCase name="UserProfileDataService Post Profile Test 4 Test Cannot access Repo Add UserProfile Request" duration="0"/>
    <testCase name="UserProfileDataService Patch Profile Test 5 Test Valid Patch  UserProfile Request" duration="0"/>
    <testCase name="UserProfileDataService Patch Profile Test 6 Test Validator Error Patch UserProfile Request" duration="0"/>
    <testCase name="UserProfileDataService Patch Profile Test 7 Test Cannot access Repo Patch UserProfile Request" duration="0"/>
    <testCase name="UserProfileDataService Delete Profile Test 8 Test Valid Delete UserProfile Request" duration="0"/>
    <testCase name="UserProfileDataService Delete Profile Test 9 Test Cannot access Auth Delete UserProfile Request" duration="0"/>
    <testCase name="UserProfileDataService Delete Profile Test 10 Test Cannot access Repo Delete UserProfile Request" duration="0"/>
    <testCase name="UserProfileDataService Get Profiles Test 11 Test Valid GetById Request" duration="0"/>
    <testCase name="UserProfileDataService Get Profiles Test 12 Test Invalid GetById Request" duration="0"/>
    <testCase name="UserProfileDataService Get Profiles Test 13 Test Valid Get Request" duration="0"/>
    <testCase name="UserProfileDataService Like Profile Test 14 Test valid LikeUser Request" duration="0"/>
    <testCase name="UserProfileDataService Like Profile Test 15 Test valid LikeFlat Request" duration="0"/>
    <testCase name="UserProfileDataService Like Profile Test 16 Test valid dislike Request" duration="0"/>
    <testCase name="UserProfileDataService Devices Requests Test 16 Test valid Add Device Request" duration="0"/>
    <testCase name="UserProfileDataService Devices Requests Test 16 Test Add Device Request - Token already exists" duration="88"/>
    <testCase name="UserProfileDataService Devices Requests Test 16 Test valid Delete Device Request" duration="0"/>
  </file>
</testExecutions>