<?xml version="1.0" encoding="UTF-8"?>
<testExecutions version="1">
  <file path="/Users/JordiKueffer/Documents/Github_repos/roomeight-backend/functions/src/test/ExpoPushClient.test.ts">
    <testCase name="Expo Push Client test Push to clients with invalid tokens" duration="0"/>
    <testCase name="Expo Push Client test Push to clients with valid tokens" duration="32"/>
  </file>
</testExecutions>