<?xml version="1.0" encoding="UTF-8"?>
<testExecutions version="1">
  <file path="C:\Users\bara1\Documents\Uni Code Repos\SoPra_2022\roomeight-backend\functions\src\test\UserProfileConverter.test.ts">
    <testCase name="ValidatorReport test report should match the errormessage" duration="9"/>
  </file>
  <file path="C:\Users\bara1\Documents\Uni Code Repos\SoPra_2022\roomeight-backend\functions\src\test\FlatProfileConverter.test.ts">
    <testCase name="ValidatorReport test 1 Test report should match the errormessage" duration="20"/>
  </file>
  <file path="C:\Users\bara1\Documents\Uni Code Repos\SoPra_2022\roomeight-backend\functions\src\test\ValidationReport.test.ts">
    <testCase name="ValidatorReport test 1 Test new report should not contain errors" duration="64"/>
    <testCase name="ValidatorReport test 2 Test report should match the errormessage" duration="2"/>
  </file>
  <file path="C:\Users\bara1\Documents\Uni Code Repos\SoPra_2022\roomeight-backend\functions\src\test\FlatProfile.test.ts">
    <testCase name="Flat profile test 1 Test getJson of profile" duration="8"/>
  </file>
  <file path="C:\Users\bara1\Documents\Uni Code Repos\SoPra_2022\roomeight-backend\functions\src\test\UserValidator.test.ts">
    <testCase name="Validate PostUser test valid input for all fields" duration="55"/>
    <testCase name="Validate PostUser test valid input for mandatory fields" duration="3"/>
    <testCase name="Validate PostUser test invalid input fields" duration="2"/>
    <testCase name="Validate PostUser test invalid input with missing fields" duration="4"/>
    <testCase name="Validate PostUser test invalid input with unexpected fields" duration="1"/>
    <testCase name="Validate PostUser test invalid date range" duration="1"/>
    <testCase name="Validate PostUser test json with null value" duration="1"/>
    <testCase name="Validate PatchUser 1 Test valid input for all fields" duration="1"/>
    <testCase name="Validate PatchUser 2 Test invalid input fields" duration="1"/>
    <testCase name="Validate PatchUser 3 Test invalid input with unexpected fields" duration="1"/>
  </file>
  <file path="C:\Users\bara1\Documents\Uni Code Repos\SoPra_2022\roomeight-backend\functions\src\test\UserProfile.test.ts">
    <testCase name="ValidatorReport test 1 Test new report should not contain errors" duration="6"/>
  </file>
  <file path="C:\Users\bara1\Documents\Uni Code Repos\SoPra_2022\roomeight-backend\functions\src\test\FlatValidator.test.ts">
    <testCase name="Validate PostFlat test valid input for all fields" duration="32"/>
    <testCase name="Validate PostFlat test valid input for mandatory fields" duration="1"/>
    <testCase name="Validate PostFlat test invalid input fields" duration="1"/>
    <testCase name="Validate PostFlat test invalid input with missing fields" duration="3"/>
    <testCase name="Validate PostFlat test invalid input with unexpected fields" duration="1"/>
    <testCase name="Validate PostFlat test invalid date range" duration="1"/>
    <testCase name="Validate PostFlat test json with null value" duration="1"/>
    <testCase name="Validate PatchUser 1 Test valid input for all fields" duration="1"/>
    <testCase name="Validate PatchUser 2 Test invalid input fields" duration="0"/>
    <testCase name="Validate PatchUser 3 Test invalid input with unexpected fields" duration="1"/>
  </file>
  <file path="C:\Users\bara1\Documents\Uni Code Repos\SoPra_2022\roomeight-backend\functions\src\test\ReferenceHandling.test.ts">
    <testCase name="ReferenceController Test 1 Test Resolving of Reference List containing single element" duration="71"/>
    <testCase name="ReferenceController Test 2 Test Resolving of Reference List containing single element -&gt; element not found" duration="1"/>
    <testCase name="ReferenceController Test 3 Test Clean Up outdated References" duration="1"/>
    <testCase name="ReferenceController Test 4 Test Clean Up outdated References -&gt; Update not possible" duration="1"/>
    <testCase name="ReferenceController Test 5 Test Resolving of Single Reference" duration="1"/>
    <testCase name="ReferenceController Test 6 Test Resolving of single Reference -&gt; element not found" duration="1"/>
  </file>
  <file path="C:\Users\bara1\Documents\Uni Code Repos\SoPra_2022\roomeight-backend\functions\src\test\UserDataservice.test.ts">
    <testCase name="UserProfileDataService Test 1 Test Valid Add UserProfile Request" duration="118"/>
    <testCase name="UserProfileDataService Test 2 Test Validator Error Add UserProfile Request" duration="3"/>
    <testCase name="UserProfileDataService Test 3 Test UserAlreadyExists Error Add UserProfile Request" duration="2"/>
    <testCase name="UserProfileDataService Test 4 Test Cannot access Repo Add UserProfile Request" duration="71"/>
    <testCase name="UserProfileDataService Test 5 Test Valid Patch  UserProfile Request" duration="5"/>
    <testCase name="UserProfileDataService Test 6 Test Validator Error Patch UserProfile Request" duration="1"/>
    <testCase name="UserProfileDataService Test 7 Test Cannot access Repo Patch UserProfile Request" duration="1"/>
    <testCase name="UserProfileDataService Test 8 Test Valid Delete UserProfile Request" duration="1"/>
    <testCase name="UserProfileDataService Test 9 Test Cannot access Auth Delete UserProfile Request" duration="1"/>
    <testCase name="UserProfileDataService Test 10 Test Cannot access Repo Delete UserProfile Request" duration="1"/>
    <testCase name="UserProfileDataService Test 11 Test Valid GetById Request" duration="1"/>
    <testCase name="UserProfileDataService Test 12 Test Invalid GetById Request" duration="1"/>
    <testCase name="UserProfileDataService Test 13 Test valid LikeUser Request" duration="11"/>
    <testCase name="UserProfileDataService Test 14 Test valid LikeFlat Request" duration="7"/>
  </file>
  <file path="C:\Users\bara1\Documents\Uni Code Repos\SoPra_2022\roomeight-backend\functions\src\test\FlatDataservice.test.ts">
    <testCase name="FlatProfileDataService Post Profile Test 1 Test Valid Add FlatProfile Request" duration="125"/>
    <testCase name="FlatProfileDataService Post Profile Test 2 Test Invalid Input Add FlatProfile Request" duration="2"/>
    <testCase name="FlatProfileDataService Post Profile Test 3 Test Invalid Add FlatProfile Request - Already in flat" duration="1"/>
    <testCase name="FlatProfileDataService Delete Profile Test 4 Test Valid Delete Flat Request" duration="7"/>
    <testCase name="FlatProfileDataService Delete Profile Test 5 Test Invalid Delete Flat Request - Flat not found" duration="3"/>
    <testCase name="FlatProfileDataService Delete Profile Test 6 Test Invalid Delete Flat Request - User not part of flat" duration="3"/>
    <testCase name="FlatProfileDataService Get Profile Test 7 Test Valid GetById Request" duration="11">
      <failure message="Error: expect(received).toEqual(expected) // deep equality"><![CDATA[Error: expect(received).toEqual(expected) // deep equality

Expected: "{\"name\":\"test\",\"description\":\"test\",\"biography\":\"test\",\"tags\":[\"test\"],\"pictureReferences\":[\"test\"],\"likes\":[],\"creationDate\":\"1970-01-01T00:00:00.000Z\",\"moveInDate\":\"1970-01-01T00:00:00.000Z\",\"moveOutDate\":\"1970-01-01T00:00:00.000Z\",\"address\":\"test\",\"rent\":500,\"permanent\":false,\"roomSize\":18,\"numberOfBaths\":1,\"roomMates\":{\"123-advertising\":{\"profileId\":\"123-advertising\",\"firstName\":\"Mock first_name\",\"lastName\":\"Mock last_name\",\"description\":\"\",\"biography\":\"\",\"tags\":[],\"pictureReferences\":[],\"matches\":[],\"creationDate\":\"1970-01-01T00:00:00.000Z\",\"onlineStatus\":\"ONLINE\",\"birthday\":\"1970-01-01T00:00:00.000Z\",\"email\":\"test@test.com\",\"phoneNumber\":\"0795556677\",\"gender\":\"NOT SET\",\"isSearchingRoom\":false,\"isAdvertisingRoom\":true,\"moveInDate\":\"1970-01-01T00:00:00.000Z\",\"moveOutDate\":\"1970-01-01T00:00:00.000Z\",\"flatId\":\"123\",\"isComplete\":false,\"filters\":{\"age\":{\"min\":0,\"max\":100}},\"likes\":[]}},\"matches\":{\"123\":{\"profileId\":\"123\",\"firstName\":\"Mock first_name\",\"lastName\":\"Mock last_name\",\"description\":\"\",\"biography\":\"\",\"tags\":[],\"pictureReferences\":[],\"matches\":[\"flt$0afc1a97-2cff-4ba3-9d27-c5cad8295acb\"],\"creationDate\":\"1970-01-01T00:00:00.000Z\",\"onlineStatus\":\"ONLINE\",\"birthday\":\"1970-01-01T00:00:00.000Z\",\"email\":\"test@test.com\",\"phoneNumber\":\"0795556677\",\"gender\":\"NOT SET\",\"isSearchingRoom\":true,\"isAdvertisingRoom\":false,\"moveInDate\":\"1970-01-01T00:00:00.000Z\",\"moveOutDate\":\"1970-01-01T00:00:00.000Z\",\"flatId\":\"\",\"isComplete\":false,\"filters\":{},\"likes\":[]}},\"addressCoordinates\":{\"longitude\":12.34,\"latitude\":56.78}}"
Received: "{\"name\":\"test\",\"description\":\"test\",\"biography\":\"test\",\"tags\":[\"test\"],\"pictureReferences\":[\"test\"],\"likes\":[],\"creationDate\":\"1970-01-01T00:00:00.000Z\",\"moveInDate\":\"1970-01-01T00:00:00.000Z\",\"moveOutDate\":\"1970-01-01T00:00:00.000Z\",\"address\":\"test\",\"rent\":500,\"permanent\":false,\"roomSize\":18,\"numberOfBaths\":1,\"roomMates\":{\"123-advertising\":{\"profileId\":\"123-advertising\",\"firstName\":\"Mock first_name\",\"lastName\":\"Mock last_name\",\"description\":\"\",\"biography\":\"\",\"tags\":[],\"pictureReferences\":[],\"matches\":[],\"creationDate\":\"1970-01-01T00:00:00.000Z\",\"onlineStatus\":\"ONLINE\",\"birthday\":\"1970-01-01T00:00:00.000Z\",\"email\":\"test@test.com\",\"phoneNumber\":\"0795556677\",\"gender\":\"NOT SET\",\"isSearchingRoom\":false,\"isAdvertisingRoom\":true,\"moveInDate\":\"1970-01-01T00:00:00.000Z\",\"moveOutDate\":\"1970-01-01T00:00:00.000Z\",\"flatId\":\"123\",\"isComplete\":false,\"filters\":{\"age\":{\"min\":0,\"max\":100},\"permanent\":true},\"likes\":[]}},\"matches\":{\"123\":{\"profileId\":\"123\",\"firstName\":\"Mock first_name\",\"lastName\":\"Mock last_name\",\"description\":\"\",\"biography\":\"\",\"tags\":[],\"pictureReferences\":[],\"matches\":[\"flt$0afc1a97-2cff-4ba3-9d27-c5cad8295acb\"],\"creationDate\":\"1970-01-01T00:00:00.000Z\",\"onlineStatus\":\"ONLINE\",\"birthday\":\"1970-01-01T00:00:00.000Z\",\"email\":\"test@test.com\",\"phoneNumber\":\"0795556677\",\"gender\":\"NOT SET\",\"isSearchingRoom\":true,\"isAdvertisingRoom\":false,\"moveInDate\":\"1970-01-01T00:00:00.000Z\",\"moveOutDate\":\"1970-01-01T00:00:00.000Z\",\"flatId\":\"\",\"isComplete\":false,\"filters\":{},\"likes\":[]}},\"addressCoordinates\":{\"longitude\":12.34,\"latitude\":56.78}}"
    at C:\Users\bara1\Documents\Uni Code Repos\SoPra_2022\roomeight-backend\functions\src\test\FlatDataservice.test.ts:366:50
    at processTicksAndRejections (internal/process/task_queues.js:93:5)]]></failure>
    </testCase>
    <testCase name="FlatProfileDataService Get Profile Test 8 Test Valid GetProfilesFromRepo Request" duration="5">
      <failure message="Error: expect(received).toEqual(expected) // deep equality"><![CDATA[Error: expect(received).toEqual(expected) // deep equality

Expected: "[{\"name\":\"test\",\"description\":\"test\",\"biography\":\"test\",\"tags\":[\"test\"],\"pictureReferences\":[\"test\"],\"likes\":[],\"creationDate\":\"1970-01-01T00:00:00.000Z\",\"moveInDate\":\"1970-01-01T00:00:00.000Z\",\"moveOutDate\":\"1970-01-01T00:00:00.000Z\",\"address\":\"test\",\"rent\":500,\"permanent\":false,\"roomSize\":18,\"numberOfBaths\":1,\"roomMates\":{\"123-advertising\":{\"profileId\":\"123-advertising\",\"firstName\":\"Mock first_name\",\"lastName\":\"Mock last_name\",\"description\":\"\",\"biography\":\"\",\"tags\":[],\"pictureReferences\":[],\"matches\":[],\"creationDate\":\"1970-01-01T00:00:00.000Z\",\"onlineStatus\":\"ONLINE\",\"birthday\":\"1970-01-01T00:00:00.000Z\",\"email\":\"test@test.com\",\"phoneNumber\":\"0795556677\",\"gender\":\"NOT SET\",\"isSearchingRoom\":false,\"isAdvertisingRoom\":true,\"moveInDate\":\"1970-01-01T00:00:00.000Z\",\"moveOutDate\":\"1970-01-01T00:00:00.000Z\",\"flatId\":\"123\",\"isComplete\":false,\"filters\":{\"age\":{\"min\":0,\"max\":100}},\"likes\":[]}},\"matches\":{\"123\":{\"profileId\":\"123\",\"firstName\":\"Mock first_name\",\"lastName\":\"Mock last_name\",\"description\":\"\",\"biography\":\"\",\"tags\":[],\"pictureReferences\":[],\"matches\":[\"flt$0afc1a97-2cff-4ba3-9d27-c5cad8295acb\"],\"creationDate\":\"1970-01-01T00:00:00.000Z\",\"onlineStatus\":\"ONLINE\",\"birthday\":\"1970-01-01T00:00:00.000Z\",\"email\":\"test@test.com\",\"phoneNumber\":\"0795556677\",\"gender\":\"NOT SET\",\"isSearchingRoom\":true,\"isAdvertisingRoom\":false,\"moveInDate\":\"1970-01-01T00:00:00.000Z\",\"moveOutDate\":\"1970-01-01T00:00:00.000Z\",\"flatId\":\"\",\"isComplete\":false,\"filters\":{},\"likes\":[]}},\"addressCoordinates\":{\"longitude\":12.34,\"latitude\":56.78}}]"
Received: "[{\"name\":\"test\",\"description\":\"test\",\"biography\":\"test\",\"tags\":[\"test\"],\"pictureReferences\":[\"test\"],\"likes\":[],\"creationDate\":\"1970-01-01T00:00:00.000Z\",\"moveInDate\":\"1970-01-01T00:00:00.000Z\",\"moveOutDate\":\"1970-01-01T00:00:00.000Z\",\"address\":\"test\",\"rent\":500,\"permanent\":false,\"roomSize\":18,\"numberOfBaths\":1,\"roomMates\":{\"123-advertising\":{\"profileId\":\"123-advertising\",\"firstName\":\"Mock first_name\",\"lastName\":\"Mock last_name\",\"description\":\"\",\"biography\":\"\",\"tags\":[],\"pictureReferences\":[],\"matches\":[],\"creationDate\":\"1970-01-01T00:00:00.000Z\",\"onlineStatus\":\"ONLINE\",\"birthday\":\"1970-01-01T00:00:00.000Z\",\"email\":\"test@test.com\",\"phoneNumber\":\"0795556677\",\"gender\":\"NOT SET\",\"isSearchingRoom\":false,\"isAdvertisingRoom\":true,\"moveInDate\":\"1970-01-01T00:00:00.000Z\",\"moveOutDate\":\"1970-01-01T00:00:00.000Z\",\"flatId\":\"123\",\"isComplete\":false,\"filters\":{\"age\":{\"min\":0,\"max\":100},\"permanent\":true},\"likes\":[]}},\"matches\":{\"123\":{\"profileId\":\"123\",\"firstName\":\"Mock first_name\",\"lastName\":\"Mock last_name\",\"description\":\"\",\"biography\":\"\",\"tags\":[],\"pictureReferences\":[],\"matches\":[\"flt$0afc1a97-2cff-4ba3-9d27-c5cad8295acb\"],\"creationDate\":\"1970-01-01T00:00:00.000Z\",\"onlineStatus\":\"ONLINE\",\"birthday\":\"1970-01-01T00:00:00.000Z\",\"email\":\"test@test.com\",\"phoneNumber\":\"0795556677\",\"gender\":\"NOT SET\",\"isSearchingRoom\":true,\"isAdvertisingRoom\":false,\"moveInDate\":\"1970-01-01T00:00:00.000Z\",\"moveOutDate\":\"1970-01-01T00:00:00.000Z\",\"flatId\":\"\",\"isComplete\":false,\"filters\":{},\"likes\":[]}},\"addressCoordinates\":{\"longitude\":12.34,\"latitude\":56.78}}]"
    at C:\Users\bara1\Documents\Uni Code Repos\SoPra_2022\roomeight-backend\functions\src\test\FlatDataservice.test.ts:459:50
    at processTicksAndRejections (internal/process/task_queues.js:93:5)]]></failure>
    </testCase>
    <testCase name="FlatProfileDataService Get Profile Test 9 Test Invalid GetById Request - Flat not found" duration="1"/>
    <testCase name="FlatProfileDataService Patch Profile Test 10 Test Valid Patch Request" duration="8">
      <failure message="Error: expect(received).toEqual(expected) // deep equality"><![CDATA[Error: expect(received).toEqual(expected) // deep equality

Expected: "{\"name\":\"test\",\"description\":\"test\",\"biography\":\"test\",\"tags\":[\"test\"],\"pictureReferences\":[\"test\"],\"likes\":[],\"creationDate\":\"1970-01-01T00:00:00.000Z\",\"moveInDate\":\"1970-01-01T00:00:00.000Z\",\"moveOutDate\":\"1970-01-01T00:00:00.000Z\",\"address\":\"test\",\"rent\":500,\"permanent\":false,\"roomSize\":18,\"numberOfBaths\":1,\"roomMates\":{\"123-advertising\":{\"profileId\":\"123-advertising\",\"firstName\":\"Mock first_name\",\"lastName\":\"Mock last_name\",\"description\":\"\",\"biography\":\"\",\"tags\":[],\"pictureReferences\":[],\"matches\":[],\"creationDate\":\"1970-01-01T00:00:00.000Z\",\"onlineStatus\":\"ONLINE\",\"birthday\":\"1970-01-01T00:00:00.000Z\",\"email\":\"test@test.com\",\"phoneNumber\":\"0795556677\",\"gender\":\"NOT SET\",\"isSearchingRoom\":false,\"isAdvertisingRoom\":true,\"moveInDate\":\"1970-01-01T00:00:00.000Z\",\"moveOutDate\":\"1970-01-01T00:00:00.000Z\",\"flatId\":\"123\",\"isComplete\":false,\"filters\":{\"age\":{\"min\":0,\"max\":100}},\"likes\":[]}},\"matches\":{\"123\":{\"profileId\":\"123\",\"firstName\":\"Mock first_name\",\"lastName\":\"Mock last_name\",\"description\":\"\",\"biography\":\"\",\"tags\":[],\"pictureReferences\":[],\"matches\":[\"flt$0afc1a97-2cff-4ba3-9d27-c5cad8295acb\"],\"creationDate\":\"1970-01-01T00:00:00.000Z\",\"onlineStatus\":\"ONLINE\",\"birthday\":\"1970-01-01T00:00:00.000Z\",\"email\":\"test@test.com\",\"phoneNumber\":\"0795556677\",\"gender\":\"NOT SET\",\"isSearchingRoom\":true,\"isAdvertisingRoom\":false,\"moveInDate\":\"1970-01-01T00:00:00.000Z\",\"moveOutDate\":\"1970-01-01T00:00:00.000Z\",\"flatId\":\"\",\"isComplete\":false,\"filters\":{},\"likes\":[]}},\"addressCoordinates\":{\"longitude\":12.34,\"latitude\":56.78}}"
Received: "{\"name\":\"test\",\"description\":\"test\",\"biography\":\"test\",\"tags\":[\"test\"],\"pictureReferences\":[\"test\"],\"likes\":[],\"creationDate\":\"1970-01-01T00:00:00.000Z\",\"moveInDate\":\"1970-01-01T00:00:00.000Z\",\"moveOutDate\":\"1970-01-01T00:00:00.000Z\",\"address\":\"test\",\"rent\":500,\"permanent\":false,\"roomSize\":18,\"numberOfBaths\":1,\"roomMates\":{\"123-advertising\":{\"profileId\":\"123-advertising\",\"firstName\":\"Mock first_name\",\"lastName\":\"Mock last_name\",\"description\":\"\",\"biography\":\"\",\"tags\":[],\"pictureReferences\":[],\"matches\":[],\"creationDate\":\"1970-01-01T00:00:00.000Z\",\"onlineStatus\":\"ONLINE\",\"birthday\":\"1970-01-01T00:00:00.000Z\",\"email\":\"test@test.com\",\"phoneNumber\":\"0795556677\",\"gender\":\"NOT SET\",\"isSearchingRoom\":false,\"isAdvertisingRoom\":true,\"moveInDate\":\"1970-01-01T00:00:00.000Z\",\"moveOutDate\":\"1970-01-01T00:00:00.000Z\",\"flatId\":\"123\",\"isComplete\":false,\"filters\":{\"age\":{\"min\":0,\"max\":100},\"permanent\":true},\"likes\":[]}},\"matches\":{\"123\":{\"profileId\":\"123\",\"firstName\":\"Mock first_name\",\"lastName\":\"Mock last_name\",\"description\":\"\",\"biography\":\"\",\"tags\":[],\"pictureReferences\":[],\"matches\":[\"flt$0afc1a97-2cff-4ba3-9d27-c5cad8295acb\"],\"creationDate\":\"1970-01-01T00:00:00.000Z\",\"onlineStatus\":\"ONLINE\",\"birthday\":\"1970-01-01T00:00:00.000Z\",\"email\":\"test@test.com\",\"phoneNumber\":\"0795556677\",\"gender\":\"NOT SET\",\"isSearchingRoom\":true,\"isAdvertisingRoom\":false,\"moveInDate\":\"1970-01-01T00:00:00.000Z\",\"moveOutDate\":\"1970-01-01T00:00:00.000Z\",\"flatId\":\"\",\"isComplete\":false,\"filters\":{},\"likes\":[]}},\"addressCoordinates\":{\"longitude\":12.34,\"latitude\":56.78}}"
    at C:\Users\bara1\Documents\Uni Code Repos\SoPra_2022\roomeight-backend\functions\src\test\FlatDataservice.test.ts:610:50
    at processTicksAndRejections (internal/process/task_queues.js:93:5)]]></failure>
    </testCase>
    <testCase name="FlatProfileDataService Patch Profile Test 11 Test Invalid Patch Request - Validation Errors" duration="1"/>
    <testCase name="FlatProfileDataService Patch Profile Test 12 Test Invalid Update Flat Request - Flat not found" duration="1"/>
    <testCase name="FlatProfileDataService Patch Profile Test 13 Test Invalid Update Flat Request - User not in flat" duration="1"/>
    <testCase name="FlatProfileDataService FlatMate Operations Test 14 Test Valid add user to flat" duration="2"/>
    <testCase name="FlatProfileDataService FlatMate Operations Test 15 Test Invalid add user to flat - User not found" duration="1"/>
    <testCase name="FlatProfileDataService FlatMate Operations Test 15 Test Invalid add user to flat - New mate already part of a flat" duration="6"/>
    <testCase name="FlatProfileDataService FlatMate Operations Test 15 Test Invalid add user to flat - User not found" duration="4"/>
    <testCase name="FlatProfileDataService FlatMate Operations Test 16 Test Invalid add user to flat - Cannot find flat" duration="4"/>
    <testCase name="FlatProfileDataService FlatMate Operations Test 17 Test Valid delete roommate from flat" duration="3"/>
    <testCase name="FlatProfileDataService FlatMate Operations Test 18 Test Invalid remove user from flat - Cannot find flat" duration="6"/>
    <testCase name="FlatProfileDataService FlatMate Operations Test 19 Test Invalid remove user from flat - User not found" duration="1"/>
    <testCase name="FlatProfileDataService Discover operations Test 20 Test Valid discover flats - 1 profile requested" duration="3"/>
    <testCase name="FlatProfileDataService Discover operations Test 21 Test Valid discover flats - more profiles requested than available" duration="3"/>
    <testCase name="FlatProfileDataService Discover operations Test 22 Test Invalid discover flats - profile not found" duration="1"/>
  </file>
</testExecutions>